Traceback (most recent call last):
  File "/usr/local/lib/python3.8/dist-packages/jupyter_cache/executors/utils.py", line 51, in single_nb_execution
    executenb(
  File "/usr/local/lib/python3.8/dist-packages/nbclient/client.py", line 1087, in execute
    return NotebookClient(nb=nb, resources=resources, km=km, **kwargs).execute()
  File "/usr/local/lib/python3.8/dist-packages/nbclient/util.py", line 74, in wrapped
    return just_run(coro(*args, **kwargs))
  File "/usr/local/lib/python3.8/dist-packages/nbclient/util.py", line 53, in just_run
    return loop.run_until_complete(coro)
  File "/usr/lib/python3.8/asyncio/base_events.py", line 616, in run_until_complete
    return future.result()
  File "/usr/local/lib/python3.8/dist-packages/nbclient/client.py", line 540, in async_execute
    await self.async_execute_cell(
  File "/usr/local/lib/python3.8/dist-packages/nbclient/client.py", line 832, in async_execute_cell
    self._check_raise_for_error(cell, exec_reply)
  File "/usr/local/lib/python3.8/dist-packages/nbclient/client.py", line 740, in _check_raise_for_error
    raise CellExecutionError.from_cell_and_msg(cell, exec_reply['content'])
nbclient.exceptions.CellExecutionError: An error occurred while executing the following cell:
------------------
import dolfinx.io
outfile = dolfinx.io.VTKFile("output.pvd")
outfile.write("uh.pvd")
xdmffile = dolfinx.io.XDMFFile(MPI.COMM_WORLD, "output.xdmf", "w")
xdmffile.write_mesh(mesh)
xdmffile.write_function(uh)
xdmffile.close()
------------------

[0;31m---------------------------------------------------------------------------[0m
[0;31mTypeError[0m                                 Traceback (most recent call last)
[0;32m<ipython-input-10-4521556d87ab>[0m in [0;36m<module>[0;34m[0m
[1;32m      1[0m [0;32mimport[0m [0mdolfinx[0m[0;34m.[0m[0mio[0m[0;34m[0m[0;34m[0m[0m
[1;32m      2[0m [0moutfile[0m [0;34m=[0m [0mdolfinx[0m[0;34m.[0m[0mio[0m[0;34m.[0m[0mVTKFile[0m[0;34m([0m[0;34m"output.pvd"[0m[0;34m)[0m[0;34m[0m[0;34m[0m[0m
[0;32m----> 3[0;31m [0moutfile[0m[0;34m.[0m[0mwrite[0m[0;34m([0m[0;34m"uh.pvd"[0m[0;34m)[0m[0;34m[0m[0;34m[0m[0m
[0m[1;32m      4[0m [0mxdmffile[0m [0;34m=[0m [0mdolfinx[0m[0;34m.[0m[0mio[0m[0;34m.[0m[0mXDMFFile[0m[0;34m([0m[0mMPI[0m[0;34m.[0m[0mCOMM_WORLD[0m[0;34m,[0m [0;34m"output.xdmf"[0m[0;34m,[0m [0;34m"w"[0m[0;34m)[0m[0;34m[0m[0;34m[0m[0m
[1;32m      5[0m [0mxdmffile[0m[0;34m.[0m[0mwrite_mesh[0m[0;34m([0m[0mmesh[0m[0;34m)[0m[0;34m[0m[0;34m[0m[0m

[0;32m/usr/local/dolfinx-real/lib/python3.8/dist-packages/dolfinx/io.py[0m in [0;36mwrite[0;34m(self, o, t)[0m
[1;32m     35[0m         [0mo_cpp[0m [0;34m=[0m [0mgetattr[0m[0;34m([0m[0mo[0m[0;34m,[0m [0;34m"_cpp_object"[0m[0;34m,[0m [0mo[0m[0;34m)[0m[0;34m[0m[0;34m[0m[0m
[1;32m     36[0m         [0;32mif[0m [0mt[0m [0;32mis[0m [0;32mNone[0m[0;34m:[0m[0;34m[0m[0;34m[0m[0m
[0;32m---> 37[0;31m             [0mself[0m[0;34m.[0m[0m_cpp_object[0m[0;34m.[0m[0mwrite[0m[0;34m([0m[0mo_cpp[0m[0;34m)[0m[0;34m[0m[0;34m[0m[0m
[0m[1;32m     38[0m         [0;32melse[0m[0;34m:[0m[0;34m[0m[0;34m[0m[0m
[1;32m     39[0m             [0mself[0m[0;34m.[0m[0m_cpp_object[0m[0;34m.[0m[0mwrite[0m[0;34m([0m[0mo_cpp[0m[0;34m,[0m [0mt[0m[0;34m)[0m[0;34m[0m[0;34m[0m[0m

[0;31mTypeError[0m: write(): incompatible function arguments. The following argument types are supported:
    1. (self: dolfinx.cpp.io.VTKFile, u: dolfinx.cpp.function.Function) -> None
    2. (self: dolfinx.cpp.io.VTKFile, u: dolfinx.cpp.function.Function, t: float) -> None
    3. (self: dolfinx.cpp.io.VTKFile, mesh: dolfinx.cpp.mesh.Mesh) -> None

Invoked with: <dolfinx.cpp.io.VTKFile object at 0x7f42aafd9970>, 'uh.pvd'
TypeError: write(): incompatible function arguments. The following argument types are supported:
    1. (self: dolfinx.cpp.io.VTKFile, u: dolfinx.cpp.function.Function) -> None
    2. (self: dolfinx.cpp.io.VTKFile, u: dolfinx.cpp.function.Function, t: float) -> None
    3. (self: dolfinx.cpp.io.VTKFile, mesh: dolfinx.cpp.mesh.Mesh) -> None

Invoked with: <dolfinx.cpp.io.VTKFile object at 0x7f42aafd9970>, 'uh.pvd'

